-------------------------------------------------------------------------------
Test set: com.innohack.controller.TextContentControllerTest
-------------------------------------------------------------------------------
Tests run: 1, Failures: 1, Errors: 0, Skipped: 0, Time elapsed: 0.009 s <<< FAILURE! - in com.innohack.controller.TextContentControllerTest
addContentBlock_ShouldReturnSuccessMessage_WhenBlockIsAdded  Time elapsed: 0.008 s  <<< FAILURE!
java.lang.AssertionError: Status expected:<200> but was:<404>
	at com.innohack.controller.TextContentControllerTest.addContentBlock_ShouldReturnSuccessMessage_WhenBlockIsAdded(TextContentControllerTest.java:45)

